<?xml version="1.0" encoding="UTF-8"?>
<testsuite xmlns:xsi="http://www.w3.org/2001/XMLSchema-instance" xsi:noNamespaceSchemaLocation="https://maven.apache.org/surefire/maven-surefire-plugin/xsd/surefire-test-report-3.0.xsd" version="3.0" name="edu.coursera.distributed.FileServerTest" time="0.11" tests="8" errors="0" skipped="0" failures="0">
  <properties>
    <property name="sun.desktop" value="windows"/>
    <property name="awt.toolkit" value="sun.awt.windows.WToolkit"/>
    <property name="file.encoding.pkg" value="sun.io"/>
    <property name="java.specification.version" value="1.8"/>
    <property name="sun.cpu.isalist" value="amd64"/>
    <property name="sun.jnu.encoding" value="Cp1252"/>
    <property name="java.class.path" value="C:\Users\grego\Java\CourseraProjects\Distributed Progrmming in Java\miniproject_2\target\test-classes;C:\Users\grego\Java\CourseraProjects\Distributed Progrmming in Java\miniproject_2\target\classes;C:\Users\grego\.m2\repository\org\apache\maven\plugins\maven-resources-plugin\3.3.1\maven-resources-plugin-3.3.1.jar;C:\Users\grego\.m2\repository\org\codehaus\plexus\plexus-interpolation\1.26\plexus-interpolation-1.26.jar;C:\Users\grego\.m2\repository\org\codehaus\plexus\plexus-utils\3.5.1\plexus-utils-3.5.1.jar;C:\Users\grego\.m2\repository\org\apache\maven\shared\maven-filtering\3.3.1\maven-filtering-3.3.1.jar;C:\Users\grego\.m2\repository\javax\inject\javax.inject\1\javax.inject-1.jar;C:\Users\grego\.m2\repository\org\slf4j\slf4j-api\1.7.36\slf4j-api-1.7.36.jar;C:\Users\grego\.m2\repository\org\sonatype\plexus\plexus-build-api\0.0.7\plexus-build-api-0.0.7.jar;C:\Users\grego\.m2\repository\commons-io\commons-io\2.11.0\commons-io-2.11.0.jar;C:\Users\grego\.m2\repository\org\apache\commons\commons-lang3\3.12.0\commons-lang3-3.12.0.jar;C:\Users\grego\.m2\repository\junit\junit\4.13.2\junit-4.13.2.jar;C:\Users\grego\.m2\repository\org\hamcrest\hamcrest-core\1.3\hamcrest-core-1.3.jar;"/>
    <property name="java.vm.vendor" value="OpenLogic-OpenJDK"/>
    <property name="sun.arch.data.model" value="64"/>
    <property name="user.variant" value=""/>
    <property name="java.vendor.url" value="http://java.oracle.com/"/>
    <property name="user.timezone" value="Asia/Jerusalem"/>
    <property name="user.country.format" value="IL"/>
    <property name="java.vm.specification.version" value="1.8"/>
    <property name="os.name" value="Windows 10"/>
    <property name="user.country" value="US"/>
    <property name="sun.java.launcher" value="SUN_STANDARD"/>
    <property name="sun.boot.library.path" value="C:\Program Files\OpenLogic\jdk-8.0.442.06-hotspot\jre\bin"/>
    <property name="sun.java.command" value="C:\Users\grego\AppData\Local\Temp\surefire1556174721210306917\surefirebooter-20250618153346879_3.jar C:\Users\grego\AppData\Local\Temp\surefire1556174721210306917 2025-06-18T15-33-46_515-jvmRun1 surefire-20250618153346879_1tmp surefire_0-20250618153346879_2tmp"/>
    <property name="surefire.test.class.path" value="C:\Users\grego\Java\CourseraProjects\Distributed Progrmming in Java\miniproject_2\target\test-classes;C:\Users\grego\Java\CourseraProjects\Distributed Progrmming in Java\miniproject_2\target\classes;C:\Users\grego\.m2\repository\org\apache\maven\plugins\maven-resources-plugin\3.3.1\maven-resources-plugin-3.3.1.jar;C:\Users\grego\.m2\repository\org\codehaus\plexus\plexus-interpolation\1.26\plexus-interpolation-1.26.jar;C:\Users\grego\.m2\repository\org\codehaus\plexus\plexus-utils\3.5.1\plexus-utils-3.5.1.jar;C:\Users\grego\.m2\repository\org\apache\maven\shared\maven-filtering\3.3.1\maven-filtering-3.3.1.jar;C:\Users\grego\.m2\repository\javax\inject\javax.inject\1\javax.inject-1.jar;C:\Users\grego\.m2\repository\org\slf4j\slf4j-api\1.7.36\slf4j-api-1.7.36.jar;C:\Users\grego\.m2\repository\org\sonatype\plexus\plexus-build-api\0.0.7\plexus-build-api-0.0.7.jar;C:\Users\grego\.m2\repository\commons-io\commons-io\2.11.0\commons-io-2.11.0.jar;C:\Users\grego\.m2\repository\org\apache\commons\commons-lang3\3.12.0\commons-lang3-3.12.0.jar;C:\Users\grego\.m2\repository\junit\junit\4.13.2\junit-4.13.2.jar;C:\Users\grego\.m2\repository\org\hamcrest\hamcrest-core\1.3\hamcrest-core-1.3.jar;"/>
    <property name="sun.cpu.endian" value="little"/>
    <property name="user.home" value="C:\Users\grego"/>
    <property name="user.language" value="en"/>
    <property name="java.specification.vendor" value="Oracle Corporation"/>
    <property name="java.home" value="C:\Program Files\OpenLogic\jdk-8.0.442.06-hotspot\jre"/>
    <property name="basedir" value="C:\Users\grego\Java\CourseraProjects\Distributed Progrmming in Java\miniproject_2"/>
    <property name="file.separator" value="\"/>
    <property name="line.separator" value="&#10;"/>
    <property name="java.vm.specification.vendor" value="Oracle Corporation"/>
    <property name="java.specification.name" value="Java Platform API Specification"/>
    <property name="java.awt.graphicsenv" value="sun.awt.Win32GraphicsEnvironment"/>
    <property name="surefire.real.class.path" value="C:\Users\grego\AppData\Local\Temp\surefire1556174721210306917\surefirebooter-20250618153346879_3.jar"/>
    <property name="sun.boot.class.path" value="C:\Program Files\OpenLogic\jdk-8.0.442.06-hotspot\jre\lib\resources.jar;C:\Program Files\OpenLogic\jdk-8.0.442.06-hotspot\jre\lib\rt.jar;C:\Program Files\OpenLogic\jdk-8.0.442.06-hotspot\jre\lib\sunrsasign.jar;C:\Program Files\OpenLogic\jdk-8.0.442.06-hotspot\jre\lib\jsse.jar;C:\Program Files\OpenLogic\jdk-8.0.442.06-hotspot\jre\lib\jce.jar;C:\Program Files\OpenLogic\jdk-8.0.442.06-hotspot\jre\lib\charsets.jar;C:\Program Files\OpenLogic\jdk-8.0.442.06-hotspot\jre\lib\jfr.jar;C:\Program Files\OpenLogic\jdk-8.0.442.06-hotspot\jre\classes"/>
    <property name="user.script" value=""/>
    <property name="sun.management.compiler" value="HotSpot 64-Bit Tiered Compilers"/>
    <property name="java.runtime.version" value="1.8.0_442-442-b06"/>
    <property name="user.name" value="grego"/>
    <property name="path.separator" value=";"/>
    <property name="os.version" value="10.0"/>
    <property name="java.endorsed.dirs" value="C:\Program Files\OpenLogic\jdk-8.0.442.06-hotspot\jre\lib\endorsed"/>
    <property name="java.runtime.name" value="OpenJDK Runtime Environment"/>
    <property name="file.encoding" value="Cp1252"/>
    <property name="java.vm.name" value="OpenJDK 64-Bit Server VM"/>
    <property name="localRepository" value="C:\Users\grego\.m2\repository"/>
    <property name="java.vendor.url.bug" value="http://bugreport.sun.com/bugreport/"/>
    <property name="java.io.tmpdir" value="C:\Users\grego\AppData\Local\Temp\"/>
    <property name="java.version" value="1.8.0_442-442"/>
    <property name="user.dir" value="C:\Users\grego\Java\CourseraProjects\Distributed Progrmming in Java\miniproject_2"/>
    <property name="os.arch" value="amd64"/>
    <property name="java.vm.specification.name" value="Java Virtual Machine Specification"/>
    <property name="java.awt.printerjob" value="sun.awt.windows.WPrinterJob"/>
    <property name="sun.os.patch.level" value=""/>
    <property name="java.library.path" value="C:\Program Files\OpenLogic\jdk-8.0.442.06-hotspot\jre\bin;C:\Windows\Sun\Java\bin;C:\Windows\system32;C:\Windows;C:\Program Files\OpenLogic\jdk-8.0.442.06-hotspot\bin;C:\Program Files (x86)\NVIDIA Corporation\PhysX\Common;C:\Python312\Scripts\;C:\Python312\;C:\Windows\system32;C:\Windows;C:\Windows\System32\Wbem;C:\Windows\System32\WindowsPowerShell\v1.0\;C:\Windows\System32\OpenSSH\;C:\Program Files (x86)\Calibre2\;C:\Program Files\dotnet\;C:\ProgramData\chocolatey\bin;C:\Program Files\Git\cmd;C:\Program Files\Microsoft SQL Server\Client SDK\ODBC\170\Tools\Binn\;C:\Program Files (x86)\Microsoft SQL Server\150\Tools\Binn\;C:\Program Files\Microsoft SQL Server\150\Tools\Binn\;C:\Program Files\Microsoft SQL Server\150\DTS\Binn\;C:\Program Files (x86)\Windows Kits\8.1\Windows Performance Toolkit\;C:\Program Files\nodejs\;C:\Users\grego\Java\apache-maven-3.9.9\bin;C:\Users\grego\AppData\Local\Microsoft\WindowsApps;C:\Users\grego\AppData\Local\Programs\Microsoft VS Code\bin;C:\Users\grego\AppData\Local\GitHubDesktop\bin;C:\Users\grego\AppData\Roaming\npm;c:\Users\grego\AppData\Roaming\Code\User\globalStorage\github.copilot-chat\debugCommand;."/>
    <property name="java.vm.info" value="mixed mode"/>
    <property name="java.vendor" value="OpenLogic-OpenJDK"/>
    <property name="java.vm.version" value="25.442-b06"/>
    <property name="java.specification.maintenance.version" value="6"/>
    <property name="java.ext.dirs" value="C:\Program Files\OpenLogic\jdk-8.0.442.06-hotspot\jre\lib\ext;C:\Windows\Sun\Java\lib\ext"/>
    <property name="sun.io.unicode.encoding" value="UnicodeLittle"/>
    <property name="java.class.version" value="52.0"/>
  </properties>
  <testcase name="testLargeFileGet" classname="edu.coursera.distributed.FileServerTest" time="0.042">
    <system-out><![CDATA[Received request for: /static/ABC.txt
Parsed PCDPPath: /static/ABC.txt
File found: /static/ABC.txt
]]></system-out>
    <system-err><![CDATA[
Launching server for testLargeFileGet
Requesting static/ABC.txt... reponse code is 200, with content length 2048
]]></system-err>
  </testcase>
  <testcase name="testDoublyNestedFileGet" classname="edu.coursera.distributed.FileServerTest" time="0.004">
    <system-out><![CDATA[Received request for: /static/dir3/dir4/E.txt
Parsed PCDPPath: /static/dir3/dir4/E.txt
File found: /static/dir3/dir4/E.txt
]]></system-out>
    <system-err><![CDATA[
Launching server for testDoublyNestedFileGet
Requesting static/dir3/dir4/E.txt... reponse code is 200, with content length 10
]]></system-err>
  </testcase>
  <testcase name="testFileGet" classname="edu.coursera.distributed.FileServerTest" time="0.006">
    <system-out><![CDATA[Received request for: /static/A.txt
Parsed PCDPPath: /static/A.txt
File found: /static/A.txt
]]></system-out>
    <system-err><![CDATA[
Launching server for testFileGet
Requesting static/A.txt... reponse code is 200, with content length 5
]]></system-err>
  </testcase>
  <testcase name="testMissingNestedFileGet" classname="edu.coursera.distributed.FileServerTest" time="0.004">
    <system-out><![CDATA[Received request for: /static/missingdir/missing.txt
Parsed PCDPPath: /static/missingdir/missing.txt
File not found: /static/missingdir/missing.txt
]]></system-out>
    <system-err><![CDATA[
Launching server for testMissingNestedFileGet
Requesting static/missingdir/missing.txt... reponse code is 404, with content length 0
]]></system-err>
  </testcase>
  <testcase name="testNestedFileGet" classname="edu.coursera.distributed.FileServerTest" time="0.006">
    <system-out><![CDATA[Received request for: /static/dir1/C.txt
Parsed PCDPPath: /static/dir1/C.txt
File found: /static/dir1/C.txt
]]></system-out>
    <system-err><![CDATA[
Launching server for testNestedFileGet
Requesting static/dir1/C.txt... reponse code is 200, with content length 10
]]></system-err>
  </testcase>
  <testcase name="testMissingFileGet" classname="edu.coursera.distributed.FileServerTest" time="0.003">
    <system-out><![CDATA[Received request for: /static/missing.txt
Parsed PCDPPath: /static/missing.txt
File not found: /static/missing.txt
]]></system-out>
    <system-err><![CDATA[
Launching server for testMissingFileGet
Requesting static/missing.txt... reponse code is 404, with content length 0
]]></system-err>
  </testcase>
  <testcase name="testFileGets" classname="edu.coursera.distributed.FileServerTest" time="0.005">
    <system-out><![CDATA[Received request for: /static/A.txt
Parsed PCDPPath: /static/A.txt
File found: /static/A.txt
Received request for: /static/B.txt
Parsed PCDPPath: /static/B.txt
File found: /static/B.txt
]]></system-out>
    <system-err><![CDATA[
Launching server for testFileGets
Requesting static/A.txt... reponse code is 200, with content length 5
Requesting static/B.txt... reponse code is 200, with content length 10
]]></system-err>
  </testcase>
  <testcase name="testTermination" classname="edu.coursera.distributed.FileServerTest" time="0.001">
    <system-err><![CDATA[
Launching server for testTermination
]]></system-err>
  </testcase>
</testsuite>